<?xml version="1.0" encoding="UTF-8"?>
<!-- Generated by org.testng.reporters.JUnitReportReporter -->
<testsuite hostname="Vaishnavi" failures="0" tests="6" name="com.application.Demo2" time="0.036" errors="0" timestamp="2022-05-23T13:11:36 IST" skipped="0">
  <testcase classname="com.application.Demo2" name="testC" time="0.004"/>
  <system-out/>
  <testcase classname="com.application.Demo2" name="testC" time="0.008"/>
  <system-out/>
  <testcase classname="com.application.Demo2" name="testA" time="0.003"/>
  <system-out/>
  <testcase classname="com.application.Demo2" name="testA" time="0.011"/>
  <system-out/>
  <testcase classname="com.application.Demo2" name="testB" time="0.002"/>
  <system-out/>
  <testcase classname="com.application.Demo2" name="testB" time="0.008"/>
  <system-out/>
</testsuite> <!-- com.application.Demo2 -->
