<?xml version="1.0" encoding="UTF-8"?>
<!-- Generated by org.testng.reporters.JUnitReportReporter -->
<testsuite hostname="Vaishnavi" failures="0" tests="6" name="com.application.Demo" time="0.031" errors="0" timestamp="2022-05-23T13:11:36 IST" skipped="0">
  <testcase classname="com.application.Demo" name="testC" time="0.003"/>
  <system-out/>
  <testcase classname="com.application.Demo" name="testC" time="0.009"/>
  <system-out/>
  <testcase classname="com.application.Demo" name="testA" time="0.003"/>
  <system-out/>
  <testcase classname="com.application.Demo" name="testA" time="0.005"/>
  <system-out/>
  <testcase classname="com.application.Demo" name="testB" time="0.006"/>
  <system-out/>
  <testcase classname="com.application.Demo" name="testB" time="0.005"/>
  <system-out/>
</testsuite> <!-- com.application.Demo -->
