<?xml version="1.0" encoding="UTF-8"?>
<!-- Generated by org.testng.reporters.JUnitReportReporter -->
<testsuite hostname="Vaishnavi" failures="0" tests="1" name="com.application.Test123" time="0.010" errors="0" timestamp="2022-05-16T19:35:28 IST" skipped="0">
  <testcase classname="com.application.Test123" name="test" time="0.010"/>
  <system-out/>
</testsuite> <!-- com.application.Test123 -->
