<?xml version="1.0" encoding="UTF-8"?>
<!-- Generated by org.testng.reporters.JUnitReportReporter -->
<testsuite hostname="Vaishnavi" failures="0" tests="2" name="com.application.TestNG1" time="0.000" errors="0" timestamp="2022-05-30T11:02:29 IST" skipped="2">
  <testcase classname="com.application.TestNG1" name="test" time="0.000">
    <skipped/>
  </testcase> <!-- test -->
  <system-out/>
  <testcase classname="com.application.TestNG1" name="test1" time="0.000">
    <skipped/>
  </testcase> <!-- test1 -->
  <system-out/>
</testsuite> <!-- com.application.TestNG1 -->
