<?xml version="1.0" encoding="UTF-8"?>
<!-- Generated by org.testng.reporters.JUnitReportReporter -->
<testsuite hostname="Vaishnavi" failures="0" tests="6" name="com.demo.Demo2" time="0.057" errors="0" timestamp="2022-05-23T13:26:35 IST" skipped="0">
  <testcase classname="com.demo.Demo2" name="testC" time="0.003"/>
  <system-out/>
  <testcase classname="com.demo.Demo2" name="testC" time="0.007"/>
  <system-out/>
  <testcase classname="com.demo.Demo2" name="testA" time="0.007"/>
  <system-out/>
  <testcase classname="com.demo.Demo2" name="testA" time="0.005"/>
  <system-out/>
  <testcase classname="com.demo.Demo2" name="testB" time="0.009"/>
  <system-out/>
  <testcase classname="com.demo.Demo2" name="testB" time="0.026"/>
  <system-out/>
</testsuite> <!-- com.demo.Demo2 -->
