<?xml version="1.0" encoding="UTF-8"?>
<!-- Generated by org.testng.reporters.JUnitReportReporter -->
<testsuite hostname="Vaishnavi" failures="0" tests="3" name="com.application.TestNG1" time="0.022" errors="0" timestamp="2022-05-26T20:08:11 IST" skipped="0">
  <testcase classname="com.application.TestNG1" name="test" time="0.013"/>
  <system-out/>
  <testcase classname="com.application.TestNG1" name="test2" time="0.005"/>
  <system-out/>
  <testcase classname="com.application.TestNG1" name="test1" time="0.004"/>
  <system-out/>
</testsuite> <!-- com.application.TestNG1 -->
